<?xml version="1.0" encoding="UTF-8"?>
<!-- Generated by org.testng.reporters.JUnitReportReporter -->
<testsuite hostname="LAPTOP-V0NE0GG6" failures="0" tests="6" name="testscripts.LoginTest" time="95.972" errors="0" timestamp="2025-08-01T00:00:40 GMT-09:00" skipped="0">
  <testcase classname="testscripts.LoginTest" name="verifyLoginWithInvalidUnameAndValidPassword" time="9.093"/>
  <testcase classname="testscripts.LoginTest" name="verifyLoginWithInvalidCredentials" time="17.334"/>
  <testcase classname="testscripts.LoginTest" name="verifyLoginWithInvalidCredentials" time="11.446"/>
  <testcase classname="testscripts.LoginTest" name="verifyLoginwithValidCredentials" time="25.947"/>
  <testcase classname="testscripts.LoginTest" name="verifyLoginWithInvalidCredentials" time="25.064"/>
  <testcase classname="testscripts.LoginTest" name="verifyLoginWithValidUnameAndInvalidPassword" time="7.088"/>
</testsuite> <!-- testscripts.LoginTest -->
