<?xml version="1.0" encoding="UTF-8"?>
<!-- Generated by org.testng.reporters.JUnitReportReporter -->
<testsuite hostname="LAPTOP-V0NE0GG6" failures="0" tests="3" name="testscripts.BasicTestCase" time="0.028" errors="0" timestamp="2025-07-21T23:50:29 GMT-09:00" skipped="1">
  <testcase classname="testscripts.BasicTestCase" name="testcase2" time="0.027"/>
  <testcase classname="testscripts.BasicTestCase" name="testcase4" time="0.001"/>
  <testcase classname="testscripts.BasicTestCase" name="testcase1">
    <skipped/>
  </testcase> <!-- testcase1 -->
</testsuite> <!-- testscripts.BasicTestCase -->
