<?xml version="1.0" encoding="UTF-8"?>
<!-- Generated by org.testng.reporters.JUnitReportReporter -->
<testsuite hostname="LAPTOP-V0NE0GG6" failures="0" tests="3" name="testscripts.DataProviderTest" time="0.010" errors="0" timestamp="2025-07-18T00:44:42 GMT-09:00" skipped="0">
  <testcase classname="testscripts.DataProviderTest" name="sum" time="0.001"/>
  <testcase classname="testscripts.DataProviderTest" name="sum" time="0.002"/>
  <testcase classname="testscripts.DataProviderTest" name="sum" time="0.007"/>
</testsuite> <!-- testscripts.DataProviderTest -->
