<?xml version="1.0" encoding="UTF-8"?>
<!-- Generated by org.testng.reporters.JUnitReportReporter -->
<testsuite hostname="LAPTOP-V0NE0GG6" failures="0" tests="3" name="testscripts.BasicAnnotations" time="0.017" errors="0" timestamp="2025-07-18T00:37:43 GMT-09:00" skipped="0">
  <testcase classname="testscripts.BasicAnnotations" name="testcase1" time="0.011"/>
  <testcase classname="testscripts.BasicAnnotations" name="testcase3" time="0.002"/>
  <testcase classname="testscripts.BasicAnnotations" name="testcase2" time="0.004"/>
</testsuite> <!-- testscripts.BasicAnnotations -->
