<?xml version="1.0" encoding="UTF-8"?>
<!-- Generated by org.testng.reporters.JUnitReportReporter -->
<testsuite hostname="LAPTOP-V0NE0GG6" failures="0" tests="1" name="testscripts.JavaScriptExecuter" time="40.386" errors="0" timestamp="2025-07-22T00:37:41 GMT-09:00" skipped="0">
  <testcase classname="testscripts.JavaScriptExecuter" name="scriptSample" time="40.386"/>
</testsuite> <!-- testscripts.JavaScriptExecuter -->
