<?xml version="1.0" encoding="UTF-8"?>
<!-- Generated by org.testng.reporters.JUnitReportReporter -->
<testsuite hostname="LAPTOP-V0NE0GG6" failures="0" tests="1" name="testscripts.Logintest" time="196.719" errors="0" timestamp="2025-07-28T06:32:05 GMT-09:00" skipped="0">
  <testcase classname="testscripts.Logintest" name="verifyloginwithincorrectpassword" time="196.719"/>
</testsuite> <!-- testscripts.Logintest -->
